<?xml version="1.0" encoding="UTF-8"?>
<!-- Generated by org.testng.reporters.JUnitXMLReporter -->
<testsuite hostname="QT-INNO-LT0004" ignored="0" name="Weather_Verification_API_Test" tests="4" failures="0" timestamp="02 Jul 2021 18:17:02 GMT" time="5.277" errors="0">
  <testcase name="Test01_verify_Access_To_Weather_API_For_invalid_CityName_Input_And_Check_Response_Status_Code" time="3.137" classname="automation.tests.Weather_Verification_API_Test"/>
  <testcase name="Test02_verify_Access_To_Weather_API_And_Check_Response_Status_Code" time="0.21" classname="automation.tests.Weather_Verification_API_Test"/>
  <testcase name="Test03_verify_Weather_Condition_In_WeatherAPI_Response" time="1.547" classname="automation.tests.Weather_Verification_API_Test"/>
  <testcase name="Test04_verify_Weather_Temperature_In_WeatherAPI_Response" time="0.022" classname="automation.tests.Weather_Verification_API_Test"/>
</testsuite> <!-- Weather_Verification_API_Test -->
