<?xml version="1.0" encoding="UTF-8"?>
<!-- Generated by org.testng.reporters.JUnitXMLReporter -->
<testsuite hostname="QT-INNO-LT0004" ignored="4" name="Weather_Verification_Compare_Data_Test" tests="1" failures="1" timestamp="02 Jul 2021 18:20:35 GMT" time="0.084" errors="0">
  <testcase name="Test01_Launch_Application_And_Verify_User_Navigation_To_HomePage" time="0.016" classname="automation.tests.Weather_Verification_Test">
    <failure type="java.lang.NullPointerException">
      <![CDATA[java.lang.NullPointerException
at automation.tests.Weather_Verification_Test.Test01_Launch_Application_And_Verify_User_Navigation_To_HomePage(Weather_Verification_Test.java:27)
at java.util.concurrent.FutureTask.run(Unknown Source)
at java.util.concurrent.ThreadPoolExecutor.runWorker(Unknown Source)
at java.util.concurrent.ThreadPoolExecutor$Worker.run(Unknown Source)
at java.lang.Thread.run(Unknown Source)
... Removed 16 stack frames]]>
    </failure>
  </testcase> <!-- Test01_Launch_Application_And_Verify_User_Navigation_To_HomePage -->
  <testcase name="Test04_Verify_City_Weather_Information_Displayed_In_Map" time="0.0" classname="automation.tests.Weather_Verification_Test">
    <ignored/>
  </testcase> <!-- Test04_Verify_City_Weather_Information_Displayed_In_Map -->
  <testcase name="Test03_enter_City_And_Verify_City_Is_Displayed_In_Map" time="0.0" classname="automation.tests.Weather_Verification_Test">
    <ignored/>
  </testcase> <!-- Test03_enter_City_And_Verify_City_Is_Displayed_In_Map -->
  <testcase name="Test02_Click_On_Weather_Tab_And_Verify_User_Navigates_To_Weather_Page" time="0.0" classname="automation.tests.Weather_Verification_Test">
    <ignored/>
  </testcase> <!-- Test02_Click_On_Weather_Tab_And_Verify_User_Navigates_To_Weather_Page -->
  <testcase name="Test01_Compare_Temperature_Data_From_UI_And_API" time="0.0" classname="automation.tests.Weather_Verification_Compare_Data_Test">
    <ignored/>
  </testcase> <!-- Test01_Compare_Temperature_Data_From_UI_And_API -->
</testsuite> <!-- Weather_Verification_Compare_Data_Test -->
