<?xml version="1.0" encoding="UTF-8"?>
<testng-results skipped="0" failed="0" ignored="0" total="4" passed="4">
  <reporter-output>
    <line>
      <![CDATA[[INFO]: Title Found: Get Latest News, India News, Breaking News, Today's News - NDTV.com]]>
    </line>
    <line>
      <![CDATA[[ASSERT PASSED]: Page title found on Home page is correct.]]>
    </line>
    <line>
      <![CDATA[[INFO]: Title Found: NDTV Weather - Weather in your Indian City]]>
    </line>
    <line>
      <![CDATA[[ASSERT PASSED]: Page title found on Weather page is correct.]]>
    </line>
    <line>
      <![CDATA[[ASSERT PASSED]: Selected city is displayed on map]]>
    </line>
    <line>
      <![CDATA[[ASSERT PASSED]: Fields in city weather information is correct and temperature is displayed appropriately for city: Ajmer]]>
    </line>
  </reporter-output>
  <suite name="Default suite" duration-ms="23176" started-at="2021-07-03T17:03:51Z" finished-at="2021-07-03T17:04:14Z">
    <groups>
    </groups>
    <test name="Default test" duration-ms="23176" started-at="2021-07-03T17:03:51Z" finished-at="2021-07-03T17:04:14Z">
      <class name="automation.tests.Weather_Verification_Test">
        <test-method status="PASS" signature="start_test_session(java.lang.String)[pri:0, instance:automation.tests.Weather_Verification_Test@3abbfa04]" name="start_test_session" is-config="true" duration-ms="4347" started-at="2021-07-03T17:03:51Z" finished-at="2021-07-03T17:03:55Z">
          <params>
            <param index="0">
              <value>
                <![CDATA[chrome]]>
              </value>
            </param>
          </params>
          <reporter-output>
          </reporter-output>
        </test-method> <!-- start_test_session -->
        <test-method status="PASS" signature="Test01_Launch_Application_And_Verify_User_Navigation_To_HomePage()[pri:0, instance:automation.tests.Weather_Verification_Test@3abbfa04]" name="Test01_Launch_Application_And_Verify_User_Navigation_To_HomePage" duration-ms="12351" started-at="2021-07-03T17:03:55Z" finished-at="2021-07-03T17:04:07Z">
          <reporter-output>
            <line>
              <![CDATA[[INFO]: Title Found: Get Latest News, India News, Breaking News, Today's News - NDTV.com]]>
            </line>
            <line>
              <![CDATA[[ASSERT PASSED]: Page title found on Home page is correct.]]>
            </line>
          </reporter-output>
        </test-method> <!-- Test01_Launch_Application_And_Verify_User_Navigation_To_HomePage -->
        <test-method status="PASS" signature="Test02_Click_On_Weather_Tab_And_Verify_User_Navigates_To_Weather_Page()[pri:0, instance:automation.tests.Weather_Verification_Test@3abbfa04]" name="Test02_Click_On_Weather_Tab_And_Verify_User_Navigates_To_Weather_Page" duration-ms="3149" started-at="2021-07-03T17:04:07Z" finished-at="2021-07-03T17:04:10Z">
          <reporter-output>
            <line>
              <![CDATA[[INFO]: Title Found: NDTV Weather - Weather in your Indian City]]>
            </line>
            <line>
              <![CDATA[[ASSERT PASSED]: Page title found on Weather page is correct.]]>
            </line>
          </reporter-output>
        </test-method> <!-- Test02_Click_On_Weather_Tab_And_Verify_User_Navigates_To_Weather_Page -->
        <test-method status="PASS" signature="Test03_enter_City_And_Verify_City_Is_Displayed_In_Map()[pri:0, instance:automation.tests.Weather_Verification_Test@3abbfa04]" name="Test03_enter_City_And_Verify_City_Is_Displayed_In_Map" duration-ms="535" started-at="2021-07-03T17:04:10Z" finished-at="2021-07-03T17:04:11Z">
          <reporter-output>
            <line>
              <![CDATA[[ASSERT PASSED]: Selected city is displayed on map]]>
            </line>
          </reporter-output>
        </test-method> <!-- Test03_enter_City_And_Verify_City_Is_Displayed_In_Map -->
        <test-method status="PASS" signature="Test04_Verify_City_Weather_Information_Displayed_In_Map()[pri:0, instance:automation.tests.Weather_Verification_Test@3abbfa04]" name="Test04_Verify_City_Weather_Information_Displayed_In_Map" duration-ms="309" started-at="2021-07-03T17:04:11Z" finished-at="2021-07-03T17:04:11Z">
          <reporter-output>
            <line>
              <![CDATA[[ASSERT PASSED]: Fields in city weather information is correct and temperature is displayed appropriately for city: Ajmer]]>
            </line>
          </reporter-output>
        </test-method> <!-- Test04_Verify_City_Weather_Information_Displayed_In_Map -->
        <test-method status="PASS" signature="stop_test_session()[pri:0, instance:automation.tests.Weather_Verification_Test@3abbfa04]" name="stop_test_session" is-config="true" duration-ms="2454" started-at="2021-07-03T17:04:11Z" finished-at="2021-07-03T17:04:14Z">
          <reporter-output>
          </reporter-output>
        </test-method> <!-- stop_test_session -->
      </class> <!-- automation.tests.Weather_Verification_Test -->
    </test> <!-- Default test -->
  </suite> <!-- Default suite -->
</testng-results>
